Build started 3/13/2014 9:25:57 AM.
     1>Project "C:\Users\Kelby\Documents\GitHub\cecs282\Constructor Criticism\Constructor Criticism\Constructor Criticism.vcxproj" on node 2 (Build target(s)).
     1>ClCompile:
         C:\Program Files (x86)\Microsoft Visual Studio 11.0\VC\bin\CL.exe /c /ZI /nologo /W3 /WX- /Od /Oy- /D WIN32 /D _DEBUG /D _CONSOLE /D _UNICODE /D UNICODE /Gm /EHsc /RTC1 /MDd /GS /fp:precise /Zc:wchar_t /Zc:forScope /Fo"Debug\\" /Fd"Debug\vc110.pdb" /Gd /TP /analyze- /errorReport:prompt main.cpp
         main.cpp
     1>c:\users\kelby\documents\github\cecs282\constructor criticism\constructor criticism\main.cpp(43): error C2039: 'Equals' : is not a member of 'Complex'
                 c:\users\kelby\documents\github\cecs282\constructor criticism\constructor criticism\complex.h(6) : see declaration of 'Complex'
     1>Done Building Project "C:\Users\Kelby\Documents\GitHub\cecs282\Constructor Criticism\Constructor Criticism\Constructor Criticism.vcxproj" (Build target(s)) -- FAILED.

Build FAILED.

Time Elapsed 00:00:00.47
